<?xml version="1.0" encoding="UTF-8"?>
<testsuite xmlns:xsi="http://www.w3.org/2001/XMLSchema-instance" xsi:noNamespaceSchemaLocation="https://maven.apache.org/surefire/maven-surefire-plugin/xsd/surefire-test-report-3.0.xsd" version="3.0" name="com.surver.sys.houduan.SurveySubmitNodepsTest" time="0.123" tests="1" errors="0" skipped="0" failures="1">
  <properties>
[...]
</properties>
  <testcase name="submitSameSurveyTwice_shouldReturn40009OnSecondSubmit" classname="com.surver.sys.houduan.SurveySubmitNodepsTest" time="0.117">
    <failure message="&#10;expected: 20000&#10; but was: 40404" type="org.opentest4j.AssertionFailedError"><![CDATA[org.opentest4j.AssertionFailedError: 

expected: 20000
 but was: 40404
	at java.base/jdk.internal.reflect.NativeConstructorAccessorImpl.newInstance0(Native Method)
	at java.base/jdk.internal.reflect.NativeConstructorAccessorImpl.newInstance(NativeConstructorAccessorImpl.java:77)
	at java.base/jdk.internal.reflect.DelegatingConstructorAccessorImpl.newInstance(DelegatingConstructorAccessorImpl.java:45)
	at java.base/java.lang.reflect.Constructor.newInstanceWithCaller(Constructor.java:499)
	at com.surver.sys.houduan.SurveySubmitNodepsTest.submitSameSurveyTwice_shouldReturn40009OnSecondSubmit(SurveySubmitNodepsTest.java:48)
	at java.base/java.lang.reflect.Method.invoke(Method.java:568)
	at java.base/java.util.ArrayList.forEach(ArrayList.java:1511)
	at java.base/java.util.ArrayList.forEach(ArrayList.java:1511)
]]></failure>
    <system-out><![CDATA[2026-03-09T11:31:20.760+08:00 DEBUG 27988 --- [houduan] [           main] .b.t.c.SpringBootTestContextBootstrapper : Neither @ContextConfiguration nor @ContextHierarchy found for test class [SurveySubmitNodepsTest]: using SpringBootContextLoader
2026-03-09T11:31:20.760+08:00  INFO 27988 --- [houduan] [           main] t.c.s.AnnotationConfigContextLoaderUtils : Could not detect default configuration classes for test class [com.surver.sys.houduan.SurveySubmitNodepsTest]: SurveySubmitNodepsTest does not declare any static, non-private, non-final, nested classes annotated with @Configuration.
2026-03-09T11:31:20.760+08:00 DEBUG 27988 --- [houduan] [           main] .b.t.c.SpringBootTestContextBootstrapper : Using ContextCustomizerFactory implementations for test class [SurveySubmitNodepsTest]: [ImportsContextCustomizerFactory, ExcludeFilterContextCustomizerFactory, HttpGraphQlTesterContextCustomizerFactory, DuplicateJsonObjectContextCustomizerFactory, MockitoContextCustomizerFactory, TestRestTemplateContextCustomizerFactory, WebTestClientContextCustomizerFactory, DisableReactorResourceFactoryGlobalResourcesContextCustomizerFactory, OnFailureConditionReportContextCustomizerFactory, OverrideAutoConfigurationContextCustomizerFactory, ObservabilityContextCustomizerFactory, TypeExcludeFiltersContextCustomizerFactory, PropertyMappingContextCustomizerFactory, WebDriverContextCustomizerFactory, MockServerContainerContextCustomizerFactory, DynamicPropertiesContextCustomizerFactory]
2026-03-09T11:31:20.762+08:00 DEBUG 27988 --- [houduan] [           main] .b.t.c.SpringBootTestContextBootstrapper : Using ContextCustomizers for test class [SurveySubmitNodepsTest]: [ExcludeFilterContextCustomizer, DuplicateJsonObjectContextCustomizer, MockitoContextCustomizer, TestRestTemplateContextCustomizer, DisableReactorResourceFactoryGlobalResourcesContextCustomizerCustomizer, OnFailureConditionReportContextCustomizer, DisableObservabilityContextCustomizer, PropertyMappingContextCustomizer, WebDriverContextCustomizer]
2026-03-09T11:31:20.762+08:00  INFO 27988 --- [houduan] [           main] .b.t.c.SpringBootTestContextBootstrapper : Found @SpringBootConfiguration com.surver.sys.houduan.HouduanApplication for test class com.surver.sys.houduan.SurveySubmitNodepsTest
2026-03-09T11:31:20.763+08:00 DEBUG 27988 --- [houduan] [           main] .b.t.c.SpringBootTestContextBootstrapper : Using TestExecutionListeners for test class [SurveySubmitNodepsTest]: [ServletTestExecutionListener, DirtiesContextBeforeModesTestExecutionListener, ApplicationEventsTestExecutionListener, MockitoTestExecutionListener, DependencyInjectionTestExecutionListener, DirtiesContextTestExecutionListener, TransactionalTestExecutionListener, SqlScriptsTestExecutionListener, EventPublishingTestExecutionListener, ResetMocksTestExecutionListener, RestDocsTestExecutionListener, MockRestServiceServerResetTestExecutionListener, MockMvcPrintOnlyOnFailureTestExecutionListener, WebDriverTestExecutionListener, MockWebServiceServerTestExecutionListener]
2026-03-09T11:31:20.765+08:00 DEBUG 27988 --- [houduan] [           main] o.s.web.client.RestTemplate              : HTTP POST http://localhost:9733/api/auth/local/login
2026-03-09T11:31:20.765+08:00 DEBUG 27988 --- [houduan] [           main] o.s.web.client.RestTemplate              : Accept=[text/plain, application/json, application/*+json, */*]
2026-03-09T11:31:20.767+08:00 DEBUG 27988 --- [houduan] [           main] o.s.web.client.RestTemplate              : Writing [{password=123456, username=admin}] as "application/json"
2026-03-09T11:31:20.769+08:00 DEBUG 27988 --- [houduan] [o-auto-1-exec-6] o.s.web.servlet.DispatcherServlet        : POST "/api/auth/local/login", parameters={}
2026-03-09T11:31:20.769+08:00 DEBUG 27988 --- [houduan] [o-auto-1-exec-6] s.w.s.m.m.a.RequestMappingHandlerMapping : Mapped to com.surver.sys.houduan.module.auth.controller.AuthController#localLogin(LocalLoginRequest)
2026-03-09T11:31:20.771+08:00 DEBUG 27988 --- [houduan] [o-auto-1-exec-6] m.m.a.RequestResponseBodyMethodProcessor : Read "application/json;charset=UTF-8" to [LocalLoginRequest[username=admin, password=123456]]
2026-03-09T11:31:20.827+08:00 DEBUG 27988 --- [houduan] [o-auto-1-exec-6] m.m.a.RequestResponseBodyMethodProcessor : Using 'application/json', given [text/plain, application/json, application/*+json, */*] and supported [application/json, application/*+json]
2026-03-09T11:31:20.827+08:00 DEBUG 27988 --- [houduan] [o-auto-1-exec-6] m.m.a.RequestResponseBodyMethodProcessor : Writing [ApiResponse[code=20000, message=success, data=LoginResponse[token=eyJhbGciOiJIUzI1NiJ9.eyJpc3MiOiJzd (truncated)...]
2026-03-09T11:31:20.827+08:00 DEBUG 27988 --- [houduan] [o-auto-1-exec-6] o.s.web.servlet.DispatcherServlet        : Completed 200 OK
2026-03-09T11:31:20.827+08:00 DEBUG 27988 --- [houduan] [           main] o.s.web.client.RestTemplate              : Response 200 OK
2026-03-09T11:31:20.827+08:00 DEBUG 27988 --- [houduan] [           main] o.s.web.client.RestTemplate              : Reading to [java.lang.String] as "application/json"
2026-03-09T11:31:20.828+08:00 DEBUG 27988 --- [houduan] [           main] o.s.web.client.RestTemplate              : HTTP POST http://localhost:9733/api/surveys
2026-03-09T11:31:20.828+08:00 DEBUG 27988 --- [houduan] [           main] o.s.web.client.RestTemplate              : Accept=[text/plain, application/json, application/*+json, */*]
2026-03-09T11:31:20.828+08:00 DEBUG 27988 --- [houduan] [           main] o.s.web.client.RestTemplate              : Writing [{title=nodeps-survey, description=integration-test, questions=[{id=q1, type=single, title=Q1, required=true, options=[{label=A}, {label=B}]}]}] as "application/json"
2026-03-09T11:31:20.832+08:00 DEBUG 27988 --- [houduan] [o-auto-1-exec-7] o.s.web.servlet.DispatcherServlet        : POST "/api/surveys", parameters={}
2026-03-09T11:31:20.832+08:00 DEBUG 27988 --- [houduan] [o-auto-1-exec-7] s.w.s.m.m.a.RequestMappingHandlerMapping : Mapped to com.surver.sys.houduan.module.survey.controller.SurveyController#createSurvey(CreateSurveyRequest)
2026-03-09T11:31:20.835+08:00 DEBUG 27988 --- [houduan] [o-auto-1-exec-7] m.m.a.RequestResponseBodyMethodProcessor : Read "application/json;charset=UTF-8" to [CreateSurveyRequest[title=nodeps-survey, description=integration-test, questions=[{id=q1, type=singl (truncated)...]
2026-03-09T11:31:20.846+08:00 DEBUG 27988 --- [houduan] [o-auto-1-exec-7] m.m.a.RequestResponseBodyMethodProcessor : Using 'application/json', given [text/plain, application/json, application/*+json, */*] and supported [application/json, application/*+json]
2026-03-09T11:31:20.846+08:00 DEBUG 27988 --- [houduan] [o-auto-1-exec-7] m.m.a.RequestResponseBodyMethodProcessor : Writing [ApiResponse[code=20000, message=success, data=SurveyDetailResponse[id=1007, title=nodeps-survey, des (truncated)...]
2026-03-09T11:31:20.847+08:00 DEBUG 27988 --- [houduan] [o-auto-1-exec-7] o.s.web.servlet.DispatcherServlet        : Completed 200 OK
2026-03-09T11:31:20.847+08:00 DEBUG 27988 --- [houduan] [           main] o.s.web.client.RestTemplate              : Response 200 OK
2026-03-09T11:31:20.847+08:00 DEBUG 27988 --- [houduan] [           main] o.s.web.client.RestTemplate              : Reading to [java.lang.String] as "application/json"
2026-03-09T11:31:20.850+08:00 DEBUG 27988 --- [houduan] [           main] o.s.web.client.RestTemplate              : HTTP POST http://localhost:9733/api/auth/oauth/callback
2026-03-09T11:31:20.851+08:00 DEBUG 27988 --- [houduan] [           main] o.s.web.client.RestTemplate              : Accept=[text/plain, application/json, application/*+json, */*]
2026-03-09T11:31:20.851+08:00 DEBUG 27988 --- [houduan] [           main] o.s.web.client.RestTemplate              : Writing [{state=mock-state, redirectPath=/mobile/home, providerId=iam-default, code=mock-code}] as "application/json"
2026-03-09T11:31:20.862+08:00 DEBUG 27988 --- [houduan] [o-auto-1-exec-8] o.s.web.servlet.DispatcherServlet        : POST "/api/auth/oauth/callback", parameters={}
2026-03-09T11:31:20.862+08:00 DEBUG 27988 --- [houduan] [o-auto-1-exec-8] s.w.s.m.m.a.RequestMappingHandlerMapping : Mapped to com.surver.sys.houduan.module.auth.controller.AuthController#oauthCallback(OauthCallbackRequest)
2026-03-09T11:31:20.864+08:00 DEBUG 27988 --- [houduan] [o-auto-1-exec-8] m.m.a.RequestResponseBodyMethodProcessor : Read "application/json;charset=UTF-8" to [OauthCallbackRequest[providerId=iam-default, code=mock-code, state=mock-state, redirectPath=/mobile/ (truncated)...]
2026-03-09T11:31:20.865+08:00 DEBUG 27988 --- [houduan] [o-auto-1-exec-8] m.m.a.RequestResponseBodyMethodProcessor : Using 'application/json', given [text/plain, application/json, application/*+json, */*] and supported [application/json, application/*+json]
2026-03-09T11:31:20.865+08:00 DEBUG 27988 --- [houduan] [o-auto-1-exec-8] m.m.a.RequestResponseBodyMethodProcessor : Writing [ApiResponse[code=20000, message=success, data=LoginResponse[token=eyJhbGciOiJIUzI1NiJ9.eyJpc3MiOiJzd (truncated)...]
2026-03-09T11:31:20.865+08:00 DEBUG 27988 --- [houduan] [o-auto-1-exec-8] o.s.web.servlet.DispatcherServlet        : Completed 200 OK
2026-03-09T11:31:20.865+08:00 DEBUG 27988 --- [houduan] [           main] o.s.web.client.RestTemplate              : Response 200 OK
2026-03-09T11:31:20.865+08:00 DEBUG 27988 --- [houduan] [           main] o.s.web.client.RestTemplate              : Reading to [java.lang.String] as "application/json"
2026-03-09T11:31:20.867+08:00 DEBUG 27988 --- [houduan] [           main] o.s.web.client.RestTemplate              : HTTP GET http://localhost:9733/api/surveys/1007/public
2026-03-09T11:31:20.867+08:00 DEBUG 27988 --- [houduan] [           main] o.s.web.client.RestTemplate              : Accept=[text/plain, application/json, application/*+json, */*]
2026-03-09T11:31:20.868+08:00 DEBUG 27988 --- [houduan] [o-auto-1-exec-9] o.s.web.servlet.DispatcherServlet        : GET "/api/surveys/1007/public", parameters={}
2026-03-09T11:31:20.868+08:00 DEBUG 27988 --- [houduan] [o-auto-1-exec-9] s.w.s.m.m.a.RequestMappingHandlerMapping : Mapped to com.surver.sys.houduan.module.survey.controller.SurveyController#getPublicSurvey(Long)
2026-03-09T11:31:20.870+08:00 DEBUG 27988 --- [houduan] [o-auto-1-exec-9] .m.m.a.ExceptionHandlerExceptionResolver : Using @ExceptionHandler com.surver.sys.houduan.exception.GlobalExceptionHandler#handleBizException(BizException)
2026-03-09T11:31:20.870+08:00 DEBUG 27988 --- [houduan] [o-auto-1-exec-9] m.m.a.RequestResponseBodyMethodProcessor : Using 'application/json', given [text/plain, application/json, application/*+json, */*] and supported [application/json, application/*+json]
2026-03-09T11:31:20.870+08:00 DEBUG 27988 --- [houduan] [o-auto-1-exec-9] m.m.a.RequestResponseBodyMethodProcessor : Writing [ApiResponse[code=40404, message=survey not found, data=null]]
2026-03-09T11:31:20.871+08:00 DEBUG 27988 --- [houduan] [o-auto-1-exec-9] .m.m.a.ExceptionHandlerExceptionResolver : Resolved [com.surver.sys.houduan.exception.BizException: survey not found]
2026-03-09T11:31:20.871+08:00 DEBUG 27988 --- [houduan] [o-auto-1-exec-9] o.s.web.servlet.DispatcherServlet        : Completed 200 OK
2026-03-09T11:31:20.871+08:00 DEBUG 27988 --- [houduan] [           main] o.s.web.client.RestTemplate              : Response 200 OK
2026-03-09T11:31:20.871+08:00 DEBUG 27988 --- [houduan] [           main] o.s.web.client.RestTemplate              : Reading to [java.lang.String] as "application/json"
]]></system-out>
  </testcase>
</testsuite>